+----------------------------------------------------------+
| QUEUE Fronta v Podhoří                                 |
+----------------------------------------------------------+
|  Time interval = 0 - 7.8624e+06                          |
|  Incoming  20107                                         |
|  Outcoming  20107                                        |
|  Current length = 0                                      |
|  Maximal length = 15                                     |
|  Average length = 0.437407                               |
|  Minimal time = 0.000264069                              |
|  Maximal time = 409.952                                  |
|  Average time = 171.038                                  |
|  Standard deviation = 113.797                            |
+----------------------------------------------------------+
+----------------------------------------------------------+
| QUEUE Fronta v Podbabě                                  |
+----------------------------------------------------------+
|  Time interval = 0 - 7.8624e+06                          |
|  Incoming  70021                                         |
|  Outcoming  70021                                        |
|  Current length = 0                                      |
|  Maximal length = 35                                     |
|  Average length = 6.15429                                |
|  Minimal time = 0.00543939                               |
|  Maximal time = 1650.78                                  |
|  Average time = 691.043                                  |
|  Standard deviation = 401.841                            |
+----------------------------------------------------------+
+----------------------------------------------------------+
| QUEUE Pasažeři nastoupení v lodi                      |
+----------------------------------------------------------+
|  Time interval = 0 - 7.8624e+06                          |
|  Incoming  146982                                        |
|  Outcoming  146982                                       |
|  Current length = 0                                      |
|  Maximal length = 37                                     |
|  Average length = 9.3917                                 |
|  Minimal time = 84.6496                                  |
|  Maximal time = 1604.87                                  |
|  Average time = 502.383                                  |
|  Standard deviation = 398.897                            |
+----------------------------------------------------------+
+----------------------------------------------------------+
| STORE Boat_place capacity                                |
+----------------------------------------------------------+
|  Capacity = 40  (0 used, 40 free)                        |
|  Time interval = 0 - 7.8624e+06                          |
|  Number of Enter operations = 146982                     |
|  Minimal used capacity = 0                               |
|  Maximal used capacity = 37                              |
|  Average used capacity = 9.42908                         |
+----------------------------------------------------------+

+----------------------------------------------------------+
| HISTOGRAM Čas pasažéra(Podhoří-Podbaba) stráveného na cestě |
+----------------------------------------------------------+
| STATISTIC                                                |
+----------------------------------------------------------+
|  Min = 1.27081                 Max = 1613.22             |
|  Number of records = 74000                               |
|  Average value = 853.839                                 |
|  Standard deviation = 422.005                            |
+----------------------------------------------------------+
|    from    |     to     |     n    |   rel    |   sum    |
+------------+------------+----------+----------+----------+
|      0.000 |     60.000 |       64 | 0.000865 | 0.000865 |
|     60.000 |    120.000 |      237 | 0.003203 | 0.004068 |
|    120.000 |    180.000 |     2358 | 0.031865 | 0.035932 |
|    180.000 |    240.000 |     3163 | 0.042743 | 0.078676 |
|    240.000 |    300.000 |     3165 | 0.042770 | 0.121446 |
|    300.000 |    360.000 |     3017 | 0.040770 | 0.162216 |
|    360.000 |    420.000 |     3001 | 0.040554 | 0.202770 |
|    420.000 |    480.000 |     3037 | 0.041041 | 0.243811 |
|    480.000 |    540.000 |     3048 | 0.041189 | 0.285000 |
|    540.000 |    600.000 |     3026 | 0.040892 | 0.325892 |
|    600.000 |    660.000 |     3113 | 0.042068 | 0.367959 |
|    660.000 |    720.000 |     3053 | 0.041257 | 0.409216 |
|    720.000 |    780.000 |     3047 | 0.041176 | 0.450392 |
|    780.000 |    840.000 |     2994 | 0.040459 | 0.490851 |
|    840.000 |    900.000 |     3052 | 0.041243 | 0.532095 |
|    900.000 |    960.000 |     3062 | 0.041378 | 0.573473 |
|    960.000 |   1020.000 |     3069 | 0.041473 | 0.614946 |
|   1020.000 |   1080.000 |     3003 | 0.040581 | 0.655527 |
|   1080.000 |   1140.000 |     3091 | 0.041770 | 0.697297 |
|   1140.000 |   1200.000 |     3005 | 0.040608 | 0.737905 |
|   1200.000 |   1260.000 |     2945 | 0.039797 | 0.777703 |
|   1260.000 |   1320.000 |     2999 | 0.040527 | 0.818230 |
|   1320.000 |   1380.000 |     3037 | 0.041041 | 0.859270 |
|   1380.000 |   1440.000 |     3076 | 0.041568 | 0.900838 |
|   1440.000 |   1500.000 |     3051 | 0.041230 | 0.942068 |
+------------+------------+----------+----------+----------+

+----------------------------------------------------------+
| HISTOGRAM Čas pasažéra(Podbaba-Podhoří) stráveného na cestě |
+----------------------------------------------------------+
| STATISTIC                                                |
+----------------------------------------------------------+
|  Min = 0.12198                 Max = 1835.33             |
|  Number of records = 73476                               |
|  Average value = 858.399                                 |
|  Standard deviation = 422.036                            |
+----------------------------------------------------------+
|    from    |     to     |     n    |   rel    |   sum    |
+------------+------------+----------+----------+----------+
|      0.000 |     60.000 |       81 | 0.001102 | 0.001102 |
|     60.000 |    120.000 |      194 | 0.002640 | 0.003743 |
|    120.000 |    180.000 |     2280 | 0.031031 | 0.034773 |
|    180.000 |    240.000 |     3038 | 0.041347 | 0.076120 |
|    240.000 |    300.000 |     3024 | 0.041156 | 0.117276 |
|    300.000 |    360.000 |     3072 | 0.041810 | 0.159086 |
|    360.000 |    420.000 |     2919 | 0.039727 | 0.198813 |
|    420.000 |    480.000 |     2974 | 0.040476 | 0.239289 |
|    480.000 |    540.000 |     3025 | 0.041170 | 0.280459 |
|    540.000 |    600.000 |     3031 | 0.041252 | 0.321710 |
|    600.000 |    660.000 |     2982 | 0.040585 | 0.362295 |
|    660.000 |    720.000 |     3059 | 0.041633 | 0.403928 |
|    720.000 |    780.000 |     3133 | 0.042640 | 0.446568 |
|    780.000 |    840.000 |     3076 | 0.041864 | 0.488432 |
|    840.000 |    900.000 |     3018 | 0.041075 | 0.529506 |
|    900.000 |    960.000 |     3013 | 0.041007 | 0.570513 |
|    960.000 |   1020.000 |     3067 | 0.041742 | 0.612254 |
|   1020.000 |   1080.000 |     2950 | 0.040149 | 0.652404 |
|   1080.000 |   1140.000 |     3101 | 0.042204 | 0.694608 |
|   1140.000 |   1200.000 |     3055 | 0.041578 | 0.736186 |
|   1200.000 |   1260.000 |     3058 | 0.041619 | 0.777805 |
|   1260.000 |   1320.000 |     2927 | 0.039836 | 0.817641 |
|   1320.000 |   1380.000 |     2922 | 0.039768 | 0.857409 |
|   1380.000 |   1440.000 |     3017 | 0.041061 | 0.898470 |
|   1440.000 |   1500.000 |     2999 | 0.040816 | 0.939286 |
+------------+------------+----------+----------+----------+

