+----------------------------------------------------------+
| QUEUE Fronta v Podhoří                                 |
+----------------------------------------------------------+
|  Time interval = 0 - 2.36736e+07                         |
|  Incoming  9344                                          |
|  Outcoming  9344                                         |
|  Current length = 0                                      |
|  Maximal length = 5                                      |
|  Average length = 0.0655565                              |
|  Minimal time = 0.0190597                                |
|  Maximal time = 370.221                                  |
|  Average time = 166.091                                  |
|  Standard deviation = 97.5163                            |
+----------------------------------------------------------+
+----------------------------------------------------------+
| QUEUE Fronta v Podbabě                                  |
+----------------------------------------------------------+
|  Time interval = 0 - 2.36736e+07                         |
|  Incoming  20857                                         |
|  Outcoming  20857                                        |
|  Current length = 0                                      |
|  Maximal length = 9                                      |
|  Average length = 0.333795                               |
|  Minimal time = 0.0491035                                |
|  Maximal time = 1024.43                                  |
|  Average time = 378.872                                  |
|  Standard deviation = 221.234                            |
+----------------------------------------------------------+
+----------------------------------------------------------+
| QUEUE Pasažeři nastoupení v lodi                      |
+----------------------------------------------------------+
|  Time interval = 0 - 2.36736e+07                         |
|  Incoming  49883                                         |
|  Outcoming  49883                                        |
|  Current length = 0                                      |
|  Maximal length = 9                                      |
|  Average length = 0.740145                               |
|  Minimal time = 60.9275                                  |
|  Maximal time = 1018.46                                  |
|  Average time = 351.26                                   |
|  Standard deviation = 187.477                            |
+----------------------------------------------------------+
+----------------------------------------------------------+
| STORE Boat_place capacity                                |
+----------------------------------------------------------+
|  Capacity = 40  (0 used, 40 free)                        |
|  Time interval = 0 - 2.36736e+07                         |
|  Number of Enter operations = 49883                      |
|  Minimal used capacity = 0                               |
|  Maximal used capacity = 9                               |
|  Average used capacity = 0.744358                        |
+----------------------------------------------------------+

+----------------------------------------------------------+
| HISTOGRAM Čas pasažéra(Podhoří-Podbaba) stráveného na cestě |
+----------------------------------------------------------+
| STATISTIC                                                |
+----------------------------------------------------------+
|  Min = 1.68861                 Max = 1022.42             |
|  Number of records = 25179                               |
|  Average value = 541.106                                 |
|  Standard deviation = 260.757                            |
+----------------------------------------------------------+
|    from    |     to     |     n    |   rel    |   sum    |
+------------+------------+----------+----------+----------+
|      0.000 |     60.000 |       24 | 0.000953 | 0.000953 |
|     60.000 |    120.000 |      762 | 0.030263 | 0.031216 |
|    120.000 |    180.000 |     1710 | 0.067914 | 0.099130 |
|    180.000 |    240.000 |     1688 | 0.067040 | 0.166170 |
|    240.000 |    300.000 |     1660 | 0.065928 | 0.232098 |
|    300.000 |    360.000 |     1687 | 0.067000 | 0.299098 |
|    360.000 |    420.000 |     1749 | 0.069463 | 0.368561 |
|    420.000 |    480.000 |     1594 | 0.063307 | 0.431868 |
|    480.000 |    540.000 |     1682 | 0.066802 | 0.498670 |
|    540.000 |    600.000 |     1683 | 0.066841 | 0.565511 |
|    600.000 |    660.000 |     1642 | 0.065213 | 0.630724 |
|    660.000 |    720.000 |     1692 | 0.067199 | 0.697923 |
|    720.000 |    780.000 |     1669 | 0.066285 | 0.764208 |
|    780.000 |    840.000 |     1700 | 0.067517 | 0.831725 |
|    840.000 |    900.000 |     1703 | 0.067636 | 0.899361 |
|    900.000 |    960.000 |     1641 | 0.065173 | 0.964534 |
|    960.000 |   1020.000 |      890 | 0.035347 | 0.999881 |
|   1020.000 |   1080.000 |        3 | 0.000119 | 1.000000 |
|   1080.000 |   1140.000 |        0 | 0.000000 | 1.000000 |
|   1140.000 |   1200.000 |        0 | 0.000000 | 1.000000 |
|   1200.000 |   1260.000 |        0 | 0.000000 | 1.000000 |
|   1260.000 |   1320.000 |        0 | 0.000000 | 1.000000 |
|   1320.000 |   1380.000 |        0 | 0.000000 | 1.000000 |
|   1380.000 |   1440.000 |        0 | 0.000000 | 1.000000 |
|   1440.000 |   1500.000 |        0 | 0.000000 | 1.000000 |
+------------+------------+----------+----------+----------+

+----------------------------------------------------------+
| HISTOGRAM Čas pasažéra(Podbaba-Podhoří) stráveného na cestě |
+----------------------------------------------------------+
| STATISTIC                                                |
+----------------------------------------------------------+
|  Min = 0.451616                Max = 1253.76             |
|  Number of records = 24875                               |
|  Average value = 544.766                                 |
|  Standard deviation = 263.477                            |
+----------------------------------------------------------+
|    from    |     to     |     n    |   rel    |   sum    |
+------------+------------+----------+----------+----------+
|      0.000 |     60.000 |       30 | 0.001206 | 0.001206 |
|     60.000 |    120.000 |      745 | 0.029950 | 0.031156 |
|    120.000 |    180.000 |     1652 | 0.066412 | 0.097568 |
|    180.000 |    240.000 |     1628 | 0.065447 | 0.163015 |
|    240.000 |    300.000 |     1686 | 0.067779 | 0.230794 |
|    300.000 |    360.000 |     1624 | 0.065286 | 0.296080 |
|    360.000 |    420.000 |     1730 | 0.069548 | 0.365628 |
|    420.000 |    480.000 |     1617 | 0.065005 | 0.430633 |
|    480.000 |    540.000 |     1630 | 0.065528 | 0.496161 |
|    540.000 |    600.000 |     1634 | 0.065688 | 0.561849 |
|    600.000 |    660.000 |     1619 | 0.065085 | 0.626935 |
|    660.000 |    720.000 |     1640 | 0.065930 | 0.692864 |
|    720.000 |    780.000 |     1629 | 0.065487 | 0.758352 |
|    780.000 |    840.000 |     1674 | 0.067296 | 0.825648 |
|    840.000 |    900.000 |     1629 | 0.065487 | 0.891136 |
|    900.000 |    960.000 |     1686 | 0.067779 | 0.958915 |
|    960.000 |   1020.000 |      940 | 0.037789 | 0.996704 |
|   1020.000 |   1080.000 |       23 | 0.000925 | 0.997628 |
|   1080.000 |   1140.000 |       21 | 0.000844 | 0.998472 |
|   1140.000 |   1200.000 |       20 | 0.000804 | 0.999276 |
|   1200.000 |   1260.000 |       18 | 0.000724 | 1.000000 |
|   1260.000 |   1320.000 |        0 | 0.000000 | 1.000000 |
|   1320.000 |   1380.000 |        0 | 0.000000 | 1.000000 |
|   1380.000 |   1440.000 |        0 | 0.000000 | 1.000000 |
|   1440.000 |   1500.000 |        0 | 0.000000 | 1.000000 |
+------------+------------+----------+----------+----------+

