+----------------------------------------------------------+
| QUEUE Fronta v Podhoří                                 |
+----------------------------------------------------------+
|  Time interval = 0 - 7.8624e+06                          |
|  Incoming  30373                                         |
|  Outcoming  30373                                        |
|  Current length = 0                                      |
|  Maximal length = 14                                     |
|  Average length = 0.657643                               |
|  Minimal time = 0.0012827                                |
|  Maximal time = 400.229                                  |
|  Average time = 170.238                                  |
|  Standard deviation = 105.929                            |
+----------------------------------------------------------+
+----------------------------------------------------------+
| QUEUE Fronta v Podbabě                                  |
+----------------------------------------------------------+
|  Time interval = 0 - 7.8624e+06                          |
|  Incoming  65545                                         |
|  Outcoming  65545                                        |
|  Current length = 0                                      |
|  Maximal length = 23                                     |
|  Average length = 3.22378                                |
|  Minimal time = 0.00145666                               |
|  Maximal time = 1043.57                                  |
|  Average time = 386.706                                  |
|  Standard deviation = 226.903                            |
+----------------------------------------------------------+
+----------------------------------------------------------+
| QUEUE Pasažeři nastoupení v lodi                      |
+----------------------------------------------------------+
|  Time interval = 0 - 7.8624e+06                          |
|  Incoming  146553                                        |
|  Outcoming  146553                                       |
|  Current length = 0                                      |
|  Maximal length = 25                                     |
|  Average length = 6.3908                                 |
|  Minimal time = 74.2479                                  |
|  Maximal time = 1005.62                                  |
|  Average time = 342.859                                  |
|  Standard deviation = 185.135                            |
+----------------------------------------------------------+
+----------------------------------------------------------+
| STORE Boat_place capacity                                |
+----------------------------------------------------------+
|  Capacity = 40  (0 used, 40 free)                        |
|  Time interval = 0 - 7.8624e+06                          |
|  Number of Enter operations = 146553                     |
|  Minimal used capacity = 0                               |
|  Maximal used capacity = 25                              |
|  Average used capacity = 6.42811                         |
+----------------------------------------------------------+

+----------------------------------------------------------+
| HISTOGRAM Čas pasažéra(Podhoří-Podbaba) stráveného na cestě |
+----------------------------------------------------------+
| STATISTIC                                                |
+----------------------------------------------------------+
|  Min = 0.594255                Max = 1019.59             |
|  Number of records = 73266                               |
|  Average value = 551.053                                 |
|  Standard deviation = 254.327                            |
+----------------------------------------------------------+
|    from    |     to     |     n    |   rel    |   sum    |
+------------+------------+----------+----------+----------+
|      0.000 |     60.000 |       67 | 0.000914 | 0.000914 |
|     60.000 |    120.000 |      941 | 0.012844 | 0.013758 |
|    120.000 |    180.000 |     4515 | 0.061625 | 0.075383 |
|    180.000 |    240.000 |     5142 | 0.070183 | 0.145565 |
|    240.000 |    300.000 |     5091 | 0.069487 | 0.215052 |
|    300.000 |    360.000 |     5029 | 0.068640 | 0.283692 |
|    360.000 |    420.000 |     4923 | 0.067194 | 0.350886 |
|    420.000 |    480.000 |     5034 | 0.068709 | 0.419594 |
|    480.000 |    540.000 |     4988 | 0.068081 | 0.487675 |
|    540.000 |    600.000 |     5023 | 0.068558 | 0.556233 |
|    600.000 |    660.000 |     4957 | 0.067658 | 0.623891 |
|    660.000 |    720.000 |     5052 | 0.068954 | 0.692845 |
|    720.000 |    780.000 |     5010 | 0.068381 | 0.761226 |
|    780.000 |    840.000 |     5009 | 0.068367 | 0.829594 |
|    840.000 |    900.000 |     4888 | 0.066716 | 0.896309 |
|    900.000 |    960.000 |     4952 | 0.067589 | 0.963899 |
|    960.000 |   1020.000 |     2645 | 0.036101 | 1.000000 |
|   1020.000 |   1080.000 |        0 | 0.000000 | 1.000000 |
|   1080.000 |   1140.000 |        0 | 0.000000 | 1.000000 |
|   1140.000 |   1200.000 |        0 | 0.000000 | 1.000000 |
|   1200.000 |   1260.000 |        0 | 0.000000 | 1.000000 |
|   1260.000 |   1320.000 |        0 | 0.000000 | 1.000000 |
|   1320.000 |   1380.000 |        0 | 0.000000 | 1.000000 |
|   1380.000 |   1440.000 |        0 | 0.000000 | 1.000000 |
|   1440.000 |   1500.000 |        0 | 0.000000 | 1.000000 |
+------------+------------+----------+----------+----------+

+----------------------------------------------------------+
| HISTOGRAM Čas pasažéra(Podbaba-Podhoří) stráveného na cestě |
+----------------------------------------------------------+
| STATISTIC                                                |
+----------------------------------------------------------+
|  Min = 0.467489                Max = 1257.12             |
|  Number of records = 73798                               |
|  Average value = 555.261                                 |
|  Standard deviation = 255.892                            |
+----------------------------------------------------------+
|    from    |     to     |     n    |   rel    |   sum    |
+------------+------------+----------+----------+----------+
|      0.000 |     60.000 |       82 | 0.001111 | 0.001111 |
|     60.000 |    120.000 |      915 | 0.012399 | 0.013510 |
|    120.000 |    180.000 |     4429 | 0.060015 | 0.073525 |
|    180.000 |    240.000 |     4923 | 0.066709 | 0.140234 |
|    240.000 |    300.000 |     5167 | 0.070015 | 0.210250 |
|    300.000 |    360.000 |     5101 | 0.069121 | 0.279371 |
|    360.000 |    420.000 |     5032 | 0.068186 | 0.347557 |
|    420.000 |    480.000 |     4950 | 0.067075 | 0.414632 |
|    480.000 |    540.000 |     5141 | 0.069663 | 0.484295 |
|    540.000 |    600.000 |     4947 | 0.067034 | 0.551329 |
|    600.000 |    660.000 |     5047 | 0.068389 | 0.619719 |
|    660.000 |    720.000 |     4955 | 0.067143 | 0.686861 |
|    720.000 |    780.000 |     5002 | 0.067780 | 0.754641 |
|    780.000 |    840.000 |     5074 | 0.068755 | 0.823396 |
|    840.000 |    900.000 |     5132 | 0.069541 | 0.892937 |
|    900.000 |    960.000 |     4993 | 0.067658 | 0.960595 |
|    960.000 |   1020.000 |     2657 | 0.036004 | 0.996599 |
|   1020.000 |   1080.000 |       69 | 0.000935 | 0.997534 |
|   1080.000 |   1140.000 |       58 | 0.000786 | 0.998320 |
|   1140.000 |   1200.000 |       79 | 0.001070 | 0.999390 |
|   1200.000 |   1260.000 |       45 | 0.000610 | 1.000000 |
|   1260.000 |   1320.000 |        0 | 0.000000 | 1.000000 |
|   1320.000 |   1380.000 |        0 | 0.000000 | 1.000000 |
|   1380.000 |   1440.000 |        0 | 0.000000 | 1.000000 |
|   1440.000 |   1500.000 |        0 | 0.000000 | 1.000000 |
+------------+------------+----------+----------+----------+

