+----------------------------------------------------------+
| QUEUE Fronta v Podhoří                                 |
+----------------------------------------------------------+
|  Time interval = 0 - 7.8624e+06                          |
|  Incoming  54798                                         |
|  Outcoming  54798                                        |
|  Current length = 0                                      |
|  Maximal length = 20                                     |
|  Average length = 1.21668                                |
|  Minimal time = 0.000899822                              |
|  Maximal time = 430.793                                  |
|  Average time = 174.568                                  |
|  Standard deviation = 112.339                            |
+----------------------------------------------------------+
+----------------------------------------------------------+
| QUEUE Fronta v Podbabě                                  |
+----------------------------------------------------------+
|  Time interval = 0 - 7.8624e+06                          |
|  Incoming  112098                                        |
|  Outcoming  112098                                       |
|  Current length = 0                                      |
|  Maximal length = 37                                     |
|  Average length = 5.63894                                |
|  Minimal time = 0.000958558                              |
|  Maximal time = 1051.45                                  |
|  Average time = 395.508                                  |
|  Standard deviation = 231.884                            |
+----------------------------------------------------------+
+----------------------------------------------------------+
| QUEUE Pasažeři nastoupení v lodi                      |
+----------------------------------------------------------+
|  Time interval = 0 - 7.8624e+06                          |
|  Incoming  242025                                        |
|  Outcoming  242025                                       |
|  Current length = 0                                      |
|  Maximal length = 39                                     |
|  Average length = 10.3702                                |
|  Minimal time = 81.6317                                  |
|  Maximal time = 1012.38                                  |
|  Average time = 336.884                                  |
|  Standard deviation = 184.402                            |
+----------------------------------------------------------+
+----------------------------------------------------------+
| STORE Boat_place capacity                                |
+----------------------------------------------------------+
|  Capacity = 40  (0 used, 40 free)                        |
|  Time interval = 0 - 7.8624e+06                          |
|  Number of Enter operations = 242025                     |
|  Minimal used capacity = 0                               |
|  Maximal used capacity = 39                              |
|  Average used capacity = 10.4317                         |
+----------------------------------------------------------+

+----------------------------------------------------------+
| HISTOGRAM Čas pasažéra(Podhoří-Podbaba) stráveného na cestě |
+----------------------------------------------------------+
| STATISTIC                                                |
+----------------------------------------------------------+
|  Min = 0.298564                Max = 1023.03             |
|  Number of records = 121284                              |
|  Average value = 558.853                                 |
|  Standard deviation = 250.598                            |
+----------------------------------------------------------+
|    from    |     to     |     n    |   rel    |   sum    |
+------------+------------+----------+----------+----------+
|      0.000 |     60.000 |      130 | 0.001072 | 0.001072 |
|     60.000 |    120.000 |      665 | 0.005483 | 0.006555 |
|    120.000 |    180.000 |     6481 | 0.053437 | 0.059991 |
|    180.000 |    240.000 |     8525 | 0.070290 | 0.130281 |
|    240.000 |    300.000 |     8596 | 0.070875 | 0.201156 |
|    300.000 |    360.000 |     8584 | 0.070776 | 0.271932 |
|    360.000 |    420.000 |     8314 | 0.068550 | 0.340482 |
|    420.000 |    480.000 |     8333 | 0.068707 | 0.409188 |
|    480.000 |    540.000 |     8586 | 0.070793 | 0.479981 |
|    540.000 |    600.000 |     8184 | 0.067478 | 0.547459 |
|    600.000 |    660.000 |     8275 | 0.068228 | 0.615687 |
|    660.000 |    720.000 |     8451 | 0.069679 | 0.685367 |
|    720.000 |    780.000 |     8509 | 0.070158 | 0.755524 |
|    780.000 |    840.000 |     8338 | 0.068748 | 0.824272 |
|    840.000 |    900.000 |     8526 | 0.070298 | 0.894570 |
|    900.000 |    960.000 |     8253 | 0.068047 | 0.962617 |
|    960.000 |   1020.000 |     4524 | 0.037301 | 0.999918 |
|   1020.000 |   1080.000 |       10 | 0.000082 | 1.000000 |
|   1080.000 |   1140.000 |        0 | 0.000000 | 1.000000 |
|   1140.000 |   1200.000 |        0 | 0.000000 | 1.000000 |
|   1200.000 |   1260.000 |        0 | 0.000000 | 1.000000 |
|   1260.000 |   1320.000 |        0 | 0.000000 | 1.000000 |
|   1320.000 |   1380.000 |        0 | 0.000000 | 1.000000 |
|   1380.000 |   1440.000 |        0 | 0.000000 | 1.000000 |
|   1440.000 |   1500.000 |        0 | 0.000000 | 1.000000 |
+------------+------------+----------+----------+----------+

+----------------------------------------------------------+
| HISTOGRAM Čas pasažéra(Podbaba-Podhoří) stráveného na cestě |
+----------------------------------------------------------+
| STATISTIC                                                |
+----------------------------------------------------------+
|  Min = 0.398905                Max = 1250.4              |
|  Number of records = 121585                              |
|  Average value = 564.415                                 |
|  Standard deviation = 252.045                            |
+----------------------------------------------------------+
|    from    |     to     |     n    |   rel    |   sum    |
+------------+------------+----------+----------+----------+
|      0.000 |     60.000 |      121 | 0.000995 | 0.000995 |
|     60.000 |    120.000 |      567 | 0.004663 | 0.005659 |
|    120.000 |    180.000 |     6152 | 0.050598 | 0.056257 |
|    180.000 |    240.000 |     8464 | 0.069614 | 0.125871 |
|    240.000 |    300.000 |     8389 | 0.068997 | 0.194868 |
|    300.000 |    360.000 |     8439 | 0.069408 | 0.264276 |
|    360.000 |    420.000 |     8392 | 0.069022 | 0.333298 |
|    420.000 |    480.000 |     8472 | 0.069680 | 0.402977 |
|    480.000 |    540.000 |     8364 | 0.068791 | 0.471769 |
|    540.000 |    600.000 |     8539 | 0.070231 | 0.541999 |
|    600.000 |    660.000 |     8427 | 0.069310 | 0.611309 |
|    660.000 |    720.000 |     8334 | 0.068545 | 0.679854 |
|    720.000 |    780.000 |     8393 | 0.069030 | 0.748883 |
|    780.000 |    840.000 |     8287 | 0.068158 | 0.817042 |
|    840.000 |    900.000 |     8566 | 0.070453 | 0.887494 |
|    900.000 |    960.000 |     8520 | 0.070074 | 0.957569 |
|    960.000 |   1020.000 |     4702 | 0.038673 | 0.996241 |
|   1020.000 |   1080.000 |      130 | 0.001069 | 0.997311 |
|   1080.000 |   1140.000 |      148 | 0.001217 | 0.998528 |
|   1140.000 |   1200.000 |      114 | 0.000938 | 0.999465 |
|   1200.000 |   1260.000 |       65 | 0.000535 | 1.000000 |
|   1260.000 |   1320.000 |        0 | 0.000000 | 1.000000 |
|   1320.000 |   1380.000 |        0 | 0.000000 | 1.000000 |
|   1380.000 |   1440.000 |        0 | 0.000000 | 1.000000 |
|   1440.000 |   1500.000 |        0 | 0.000000 | 1.000000 |
+------------+------------+----------+----------+----------+

