+----------------------------------------------------------+
| QUEUE Fronta v Podhoří                                 |
+----------------------------------------------------------+
|  Time interval = 0 - 2.36736e+07                         |
|  Incoming  2391                                          |
|  Outcoming  2391                                         |
|  Current length = 0                                      |
|  Maximal length = 4                                      |
|  Average length = 0.0168213                              |
|  Minimal time = 0.000470985                              |
|  Maximal time = 378.822                                  |
|  Average time = 166.55                                   |
|  Standard deviation = 100.738                            |
+----------------------------------------------------------+
+----------------------------------------------------------+
| QUEUE Fronta v Podbabě                                  |
+----------------------------------------------------------+
|  Time interval = 0 - 2.36736e+07                         |
|  Incoming  23974                                         |
|  Outcoming  23974                                        |
|  Current length = 0                                      |
|  Maximal length = 15                                     |
|  Average length = 1.76487                                |
|  Minimal time = 0.0750951                                |
|  Maximal time = 3731.47                                  |
|  Average time = 1742.76                                  |
|  Standard deviation = 1000.81                            |
+----------------------------------------------------------+
+----------------------------------------------------------+
| QUEUE Pasažeři nastoupení v lodi                      |
+----------------------------------------------------------+
|  Time interval = 0 - 2.36736e+07                         |
|  Incoming  49507                                         |
|  Outcoming  49507                                        |
|  Current length = 0                                      |
|  Maximal length = 16                                     |
|  Average length = 2.20055                                |
|  Minimal time = 69.8681                                  |
|  Maximal time = 3713.5                                   |
|  Average time = 1052.27                                  |
|  Standard deviation = 1094.5                             |
+----------------------------------------------------------+
+----------------------------------------------------------+
| STORE Boat_place capacity                                |
+----------------------------------------------------------+
|  Capacity = 40  (0 used, 40 free)                        |
|  Time interval = 0 - 2.36736e+07                         |
|  Number of Enter operations = 49507                      |
|  Minimal used capacity = 0                               |
|  Maximal used capacity = 16                              |
|  Average used capacity = 2.20473                         |
+----------------------------------------------------------+

+----------------------------------------------------------+
| HISTOGRAM Čas pasažéra(Podhoří-Podbaba) stráveného na cestě |
+----------------------------------------------------------+
| STATISTIC                                                |
+----------------------------------------------------------+
|  Min = 2.91776                 Max = 3718.99             |
|  Number of records = 24859                               |
|  Average value = 1890.98                                 |
|  Standard deviation = 1041.11                            |
+----------------------------------------------------------+
|    from    |     to     |     n    |   rel    |   sum    |
+------------+------------+----------+----------+----------+
|      0.000 |     60.000 |       25 | 0.001006 | 0.001006 |
|     60.000 |    120.000 |      136 | 0.005471 | 0.006477 |
|    120.000 |    180.000 |      406 | 0.016332 | 0.022809 |
|    180.000 |    240.000 |      422 | 0.016976 | 0.039784 |
|    240.000 |    300.000 |      458 | 0.018424 | 0.058208 |
|    300.000 |    360.000 |      420 | 0.016895 | 0.075104 |
|    360.000 |    420.000 |      416 | 0.016734 | 0.091838 |
|    420.000 |    480.000 |      424 | 0.017056 | 0.108894 |
|    480.000 |    540.000 |      405 | 0.016292 | 0.125186 |
|    540.000 |    600.000 |      414 | 0.016654 | 0.141840 |
|    600.000 |    660.000 |      402 | 0.016171 | 0.158011 |
|    660.000 |    720.000 |      448 | 0.018022 | 0.176033 |
|    720.000 |    780.000 |      427 | 0.017177 | 0.193210 |
|    780.000 |    840.000 |      419 | 0.016855 | 0.210065 |
|    840.000 |    900.000 |      405 | 0.016292 | 0.226357 |
|    900.000 |    960.000 |      409 | 0.016453 | 0.242809 |
|    960.000 |   1020.000 |      422 | 0.016976 | 0.259785 |
|   1020.000 |   1080.000 |      432 | 0.017378 | 0.277163 |
|   1080.000 |   1140.000 |      414 | 0.016654 | 0.293817 |
|   1140.000 |   1200.000 |      423 | 0.017016 | 0.310833 |
|   1200.000 |   1260.000 |      368 | 0.014803 | 0.325637 |
|   1260.000 |   1320.000 |      431 | 0.017338 | 0.342974 |
|   1320.000 |   1380.000 |      408 | 0.016413 | 0.359387 |
|   1380.000 |   1440.000 |      398 | 0.016010 | 0.375397 |
|   1440.000 |   1500.000 |      392 | 0.015769 | 0.391166 |
+------------+------------+----------+----------+----------+

+----------------------------------------------------------+
| HISTOGRAM Čas pasažéra(Podbaba-Podhoří) stráveného na cestě |
+----------------------------------------------------------+
| STATISTIC                                                |
+----------------------------------------------------------+
|  Min = 0.241856                Max = 3939.22             |
|  Number of records = 24807                               |
|  Average value = 1913.34                                 |
|  Standard deviation = 1036.54                            |
+----------------------------------------------------------+
|    from    |     to     |     n    |   rel    |   sum    |
+------------+------------+----------+----------+----------+
|      0.000 |     60.000 |       24 | 0.000967 | 0.000967 |
|     60.000 |    120.000 |      123 | 0.004958 | 0.005926 |
|    120.000 |    180.000 |      369 | 0.014875 | 0.020801 |
|    180.000 |    240.000 |      403 | 0.016245 | 0.037046 |
|    240.000 |    300.000 |      423 | 0.017052 | 0.054098 |
|    300.000 |    360.000 |      387 | 0.015600 | 0.069698 |
|    360.000 |    420.000 |      384 | 0.015480 | 0.085178 |
|    420.000 |    480.000 |      423 | 0.017052 | 0.102229 |
|    480.000 |    540.000 |      400 | 0.016124 | 0.118354 |
|    540.000 |    600.000 |      398 | 0.016044 | 0.134398 |
|    600.000 |    660.000 |      424 | 0.017092 | 0.151489 |
|    660.000 |    720.000 |      438 | 0.017656 | 0.169146 |
|    720.000 |    780.000 |      385 | 0.015520 | 0.184666 |
|    780.000 |    840.000 |      398 | 0.016044 | 0.200709 |
|    840.000 |    900.000 |      391 | 0.015762 | 0.216471 |
|    900.000 |    960.000 |      405 | 0.016326 | 0.232797 |
|    960.000 |   1020.000 |      442 | 0.017818 | 0.250615 |
|   1020.000 |   1080.000 |      403 | 0.016245 | 0.266860 |
|   1080.000 |   1140.000 |      402 | 0.016205 | 0.283065 |
|   1140.000 |   1200.000 |      377 | 0.015197 | 0.298263 |
|   1200.000 |   1260.000 |      398 | 0.016044 | 0.314306 |
|   1260.000 |   1320.000 |      422 | 0.017011 | 0.331318 |
|   1320.000 |   1380.000 |      410 | 0.016528 | 0.347845 |
|   1380.000 |   1440.000 |      415 | 0.016729 | 0.364575 |
|   1440.000 |   1500.000 |      414 | 0.016689 | 0.381263 |
+------------+------------+----------+----------+----------+

